<?xml version="1.0" encoding="UTF-8"?>
<testsuite xmlns:xsi="http://www.w3.org/2001/XMLSchema-instance" xsi:noNamespaceSchemaLocation="https://maven.apache.org/surefire/maven-surefire-plugin/xsd/surefire-test-report-3.0.xsd" version="3.0" name="com.mycompany.chatapp.MessageTest" time="7.167" tests="29" errors="0" skipped="0" failures="0">
  <properties>
[...]
</properties>
  <testcase name="testCheckSenderCell_InvalidSouthAfricanNumber" classname="com.mycompany.chatapp.MessageTest" time="0.175">
    <system-out><![CDATA[createMessageHash: hash=00:0:HelloAfrica
Constructor: messageId=0000000000, messageHash=00:0:HelloAfrica, recipient=+27821234567,sender=+27123456789, message=Hello from South Africa, flag=Sent
checkMessage: message=Hello from South Africa, valid=true
checkRecipientCell: recipient=+27821234567, valid=true
createMessageHash: hash=00:0:HelloAfrica
Constructor: messageId=0000000001, messageHash=00:0:HelloAfrica, recipient=+27821234567,sender=+12012345678, message=Hello from South Africa, flag=Sent
checkMessage: message=Hello from South Africa, valid=true
checkRecipientCell: recipient=+27821234567, valid=true
checkSenderCell: sender=+12012345678,valid=false
]]></system-out>
  </testcase>
  <testcase name="testCheckMessage_ValidMessage" classname="com.mycompany.chatapp.MessageTest" time="0.01">
    <system-out><![CDATA[createMessageHash: hash=00:0:HelloAfrica
Constructor: messageId=0000000000, messageHash=00:0:HelloAfrica, recipient=+27821234567,sender=+27123456789, message=Hello from South Africa, flag=Sent
checkMessage: message=Hello from South Africa, valid=true
checkRecipientCell: recipient=+27821234567, valid=true
checkMessage: message=Hello from South Africa, valid=true
]]></system-out>
  </testcase>
  <testcase name="testCreateMessageHash_EmptyMessage" classname="com.mycompany.chatapp.MessageTest" time="0.008">
    <system-out><![CDATA[createMessageHash: hash=00:0:HelloAfrica
Constructor: messageId=0000000000, messageHash=00:0:HelloAfrica, recipient=+27821234567,sender=+27123456789, message=Hello from South Africa, flag=Sent
checkMessage: message=Hello from South Africa, valid=true
checkRecipientCell: recipient=+27821234567, valid=true
createMessageHash: hash=00:0:
Constructor: messageId=0000000001, messageHash=00:0:, recipient=+27821234567,sender=+27123456789, message=, flag=Sent
checkMessage: message=, valid=true
checkRecipientCell: recipient=+27821234567, valid=true
createMessageHash: hash=00:0:
]]></system-out>
  </testcase>
  <testcase name="testSendMessage_InvalidMessageId" classname="com.mycompany.chatapp.MessageTest" time="0.011">
    <system-out><![CDATA[createMessageHash: hash=00:0:HelloAfrica
Constructor: messageId=0000000000, messageHash=00:0:HelloAfrica, recipient=+27821234567,sender=+27123456789, message=Hello from South Africa, flag=Sent
checkMessage: message=Hello from South Africa, valid=true
checkRecipientCell: recipient=+27821234567, valid=true
createMessageHash: hash=00:0:HelloAfrica
Constructor: messageId=0000000001, messageHash=00:0:HelloAfrica, recipient=+27821234567,sender=+27123456789, message=Hello from South Africa, flag=Sent
checkMessage: message=Hello from South Africa, valid=true
checkRecipientCell: recipient=+27821234567, valid=true
sendMessage: messageId=12345678901, recipient=+27821234567, message=Hello from South Africa, flag=Sent, numMessagesSent=0
checkMessage: message=Hello from South Africa, valid=true
checkRecipientCell: recipient=+27821234567, valid=true
checkMessageId: messageId=12345678901, valid=false
]]></system-out>
  </testcase>
  <testcase name="testReturnTotalMessages_AfterValidSend" classname="com.mycompany.chatapp.MessageTest" time="0.009">
    <system-out><![CDATA[createMessageHash: hash=00:0:HelloAfrica
Constructor: messageId=0000000000, messageHash=00:0:HelloAfrica, recipient=+27821234567,sender=+27123456789, message=Hello from South Africa, flag=Sent
checkMessage: message=Hello from South Africa, valid=true
checkRecipientCell: recipient=+27821234567, valid=true
sendMessage: messageId=0000000000, recipient=+27821234567, message=Hello from South Africa, flag=Sent, numMessagesSent=0
checkMessage: message=Hello from South Africa, valid=true
checkRecipientCell: recipient=+27821234567, valid=true
checkMessageId: messageId=0000000000, valid=true
checkSenderCell: sender=+27123456789,valid=true
createMessageHash: hash=00:1:HelloAfrica
]]></system-out>
  </testcase>
  <testcase name="testCheckRecipientCell_NullNumber" classname="com.mycompany.chatapp.MessageTest" time="0.007">
    <system-out><![CDATA[createMessageHash: hash=00:0:HelloAfrica
Constructor: messageId=0000000000, messageHash=00:0:HelloAfrica, recipient=+27821234567,sender=+27123456789, message=Hello from South Africa, flag=Sent
checkMessage: message=Hello from South Africa, valid=true
checkRecipientCell: recipient=+27821234567, valid=true
createMessageHash: hash=00:0:HelloAfrica
Constructor: messageId=0000000001, messageHash=00:0:HelloAfrica, recipient=null,sender=+27123456789, message=Hello from South Africa, flag=Sent
checkMessage: message=Hello from South Africa, valid=true
checkRecipientCell: recipient=null, valid=false
checkRecipientCell: recipient=null, valid=false
]]></system-out>
  </testcase>
  <testcase name="testCheckRecipientCell_InvalidSouthAfricanNumber" classname="com.mycompany.chatapp.MessageTest" time="0.006">
    <system-out><![CDATA[createMessageHash: hash=00:0:HelloAfrica
Constructor: messageId=0000000000, messageHash=00:0:HelloAfrica, recipient=+27821234567,sender=+27123456789, message=Hello from South Africa, flag=Sent
checkMessage: message=Hello from South Africa, valid=true
checkRecipientCell: recipient=+27821234567, valid=true
createMessageHash: hash=00:0:HelloAfrica
Constructor: messageId=0000000001, messageHash=00:0:HelloAfrica, recipient=+12012345678,sender=+27123456789, message=Hello from South Africa, flag=Sent
checkMessage: message=Hello from South Africa, valid=true
checkRecipientCell: recipient=+12012345678, valid=false
checkRecipientCell: recipient=+12012345678, valid=false
]]></system-out>
  </testcase>
  <testcase name="testCheckSenderCell_ValidSouthAfricanNumber" classname="com.mycompany.chatapp.MessageTest" time="0.005">
    <system-out><![CDATA[createMessageHash: hash=00:0:HelloAfrica
Constructor: messageId=0000000000, messageHash=00:0:HelloAfrica, recipient=+27821234567,sender=+27123456789, message=Hello from South Africa, flag=Sent
checkMessage: message=Hello from South Africa, valid=true
checkRecipientCell: recipient=+27821234567, valid=true
checkSenderCell: sender=+27123456789,valid=true
]]></system-out>
  </testcase>
  <testcase name="testCreateMessageHash_NullMessage" classname="com.mycompany.chatapp.MessageTest" time="0.006">
    <system-out><![CDATA[createMessageHash: hash=00:0:HelloAfrica
Constructor: messageId=0000000000, messageHash=00:0:HelloAfrica, recipient=+27821234567,sender=+27123456789, message=Hello from South Africa, flag=Sent
checkMessage: message=Hello from South Africa, valid=true
checkRecipientCell: recipient=+27821234567, valid=true
createMessageHash: hash=00:0:
Constructor: messageId=0000000001, messageHash=00:0:, recipient=+27821234567,sender=+27123456789, message=null, flag=Sent
checkMessage: message=null, valid=false
createMessageHash: hash=00:0:
]]></system-out>
  </testcase>
  <testcase name="testCheckSenderCell_NullNumber" classname="com.mycompany.chatapp.MessageTest" time="0.004">
    <system-out><![CDATA[createMessageHash: hash=00:0:HelloAfrica
Constructor: messageId=0000000000, messageHash=00:0:HelloAfrica, recipient=+27821234567,sender=+27123456789, message=Hello from South Africa, flag=Sent
checkMessage: message=Hello from South Africa, valid=true
checkRecipientCell: recipient=+27821234567, valid=true
createMessageHash: hash=00:0:HelloAfrica
Constructor: messageId=0000000001, messageHash=00:0:HelloAfrica, recipient=+27821234567,sender=null, message=Hello from South Africa, flag=Sent
checkMessage: message=Hello from South Africa, valid=true
checkRecipientCell: recipient=+27821234567, valid=true
checkSenderCell: sender=null,valid=false
]]></system-out>
  </testcase>
  <testcase name="testDeleteMessage_NonExistentMessage" classname="com.mycompany.chatapp.MessageTest" time="3.112">
    <system-out><![CDATA[createMessageHash: hash=00:0:HelloAfrica
Constructor: messageId=0000000000, messageHash=00:0:HelloAfrica, recipient=+27821234567,sender=+27123456789, message=Hello from South Africa, flag=Sent
checkMessage: message=Hello from South Africa, valid=true
checkRecipientCell: recipient=+27821234567, valid=true
createMessageHash: hash=00:0:Differentmessage
Constructor: messageId=0000000001, messageHash=00:0:Differentmessage, recipient=+27821234567,sender=+27123456789, message=Different message, flag=Sent
checkMessage: message=Different message, valid=true
checkRecipientCell: recipient=+27821234567, valid=true
checkMessage: message=Different message, valid=true
checkRecipientCell: recipient=+27821234567, valid=true
checkMessageId: messageId=0000000001, valid=true
checkSenderCell: sender=+27123456789,valid=true
createMessageHash: hash=00:0:HelloAfrica
Constructor: messageId=0000000002, messageHash=00:0:HelloAfrica, recipient=+27821234567,sender=+27123456789, message=Hello from South Africa, flag=Sent
checkMessage: message=Hello from South Africa, valid=true
checkRecipientCell: recipient=+27821234567, valid=true
Constructor: messageId=0000000001, messageHash=00:0:Differentmessage, recipient=+27821234567,sender=+27123456789, message=Different message, flag=Sent
checkMessage: message=Different message, valid=true
checkRecipientCell: recipient=+27821234567, valid=true
]]></system-out>
  </testcase>
  <testcase name="testCheckRecipientCell_TooShortNumber" classname="com.mycompany.chatapp.MessageTest" time="0.005">
    <system-out><![CDATA[createMessageHash: hash=00:0:HelloAfrica
Constructor: messageId=0000000000, messageHash=00:0:HelloAfrica, recipient=+27821234567,sender=+27123456789, message=Hello from South Africa, flag=Sent
checkMessage: message=Hello from South Africa, valid=true
checkRecipientCell: recipient=+27821234567, valid=true
createMessageHash: hash=00:0:HelloAfrica
Constructor: messageId=0000000001, messageHash=00:0:HelloAfrica, recipient=+277123456,sender=+27123456789, message=Hello from South Africa, flag=Sent
checkMessage: message=Hello from South Africa, valid=true
checkRecipientCell: recipient=+277123456, valid=false
checkRecipientCell: recipient=+277123456, valid=false
]]></system-out>
  </testcase>
  <testcase name="testStoreMessage_DoesNotSave_InvalidMessage" classname="com.mycompany.chatapp.MessageTest" time="0.663">
    <system-out><![CDATA[createMessageHash: hash=00:0:HelloAfrica
Constructor: messageId=0000000000, messageHash=00:0:HelloAfrica, recipient=+27821234567,sender=+27123456789, message=Hello from South Africa, flag=Sent
checkMessage: message=Hello from South Africa, valid=true
checkRecipientCell: recipient=+27821234567, valid=true
createMessageHash: hash=00:0:HelloAfrica
Constructor: messageId=0000000001, messageHash=00:0:HelloAfrica, recipient=+12012345678,sender=+27123456789, message=Hello from South Africa, flag=Sent
checkMessage: message=Hello from South Africa, valid=true
checkRecipientCell: recipient=+12012345678, valid=false
checkMessage: message=Hello from South Africa, valid=true
checkRecipientCell: recipient=+12012345678, valid=false
]]></system-out>
    <system-err><![CDATA[Cannot store: Invalid message, recipient, sender or message ID 
]]></system-err>
  </testcase>
  <testcase name="testStoreMessage_DoesNotSave_InvalidSender" classname="com.mycompany.chatapp.MessageTest" time="0.6">
    <system-out><![CDATA[createMessageHash: hash=00:0:HelloAfrica
Constructor: messageId=0000000000, messageHash=00:0:HelloAfrica, recipient=+27821234567,sender=+27123456789, message=Hello from South Africa, flag=Sent
checkMessage: message=Hello from South Africa, valid=true
checkRecipientCell: recipient=+27821234567, valid=true
createMessageHash: hash=00:0:HelloAfrica
Constructor: messageId=0000000001, messageHash=00:0:HelloAfrica, recipient=+27821234567,sender=+12012345678, message=Hello from South Africa, flag=Sent
checkMessage: message=Hello from South Africa, valid=true
checkRecipientCell: recipient=+27821234567, valid=true
checkMessage: message=Hello from South Africa, valid=true
checkRecipientCell: recipient=+27821234567, valid=true
checkMessageId: messageId=0000000001, valid=true
checkSenderCell: sender=+12012345678,valid=false
]]></system-out>
    <system-err><![CDATA[Cannot store: Invalid message, recipient, sender or message ID 
]]></system-err>
  </testcase>
  <testcase name="testStoreMessage_SavesToJson_ValidMessage" classname="com.mycompany.chatapp.MessageTest" time="0.542">
    <system-out><![CDATA[createMessageHash: hash=00:0:HelloAfrica
Constructor: messageId=0000000000, messageHash=00:0:HelloAfrica, recipient=+27821234567,sender=+27123456789, message=Hello from South Africa, flag=Sent
checkMessage: message=Hello from South Africa, valid=true
checkRecipientCell: recipient=+27821234567, valid=true
checkMessage: message=Hello from South Africa, valid=true
checkRecipientCell: recipient=+27821234567, valid=true
checkMessageId: messageId=0000000000, valid=true
checkSenderCell: sender=+27123456789,valid=true
Constructor: messageId=0000000000, messageHash=00:0:HelloAfrica, recipient=+27821234567,sender=+27123456789, message=Hello from South Africa, flag=Sent
checkMessage: message=Hello from South Africa, valid=true
checkRecipientCell: recipient=+27821234567, valid=true
]]></system-out>
  </testcase>
  <testcase name="testSendMessage_TooLongMessage" classname="com.mycompany.chatapp.MessageTest" time="0.006">
    <system-out><![CDATA[createMessageHash: hash=00:0:HelloAfrica
Constructor: messageId=0000000000, messageHash=00:0:HelloAfrica, recipient=+27821234567,sender=+27123456789, message=Hello from South Africa, flag=Sent
checkMessage: message=Hello from South Africa, valid=true
checkRecipientCell: recipient=+27821234567, valid=true
createMessageHash: hash=00:0:Thismessage
Constructor: messageId=0000000001, messageHash=00:0:Thismessage, recipient=+27821234567,sender=+27123456789, message=This is a very long messageThis is a very long messageThis is a very long messageThis is a very long messageThis is a very long messageThis is a very long messageThis is a very long messageThis is a very long messageThis is a very long messageThis is a very long message, flag=Sent
checkMessage: message=This is a very long messageThis is a very long messageThis is a very long messageThis is a very long messageThis is a very long messageThis is a very long messageThis is a very long messageThis is a very long messageThis is a very long messageThis is a very long message, valid=false
sendMessage: messageId=0000000001, recipient=+27821234567, message=This is a very long messageThis is a very long messageThis is a very long messageThis is a very long messageThis is a very long messageThis is a very long messageThis is a very long messageThis is a very long messageThis is a very long messageThis is a very long message, flag=Sent, numMessagesSent=0
checkMessage: message=This is a very long messageThis is a very long messageThis is a very long messageThis is a very long messageThis is a very long messageThis is a very long messageThis is a very long messageThis is a very long messageThis is a very long messageThis is a very long message, valid=false
]]></system-out>
  </testcase>
  <testcase name="testStoreMessage_DoesNotSave_InvalidMessageId" classname="com.mycompany.chatapp.MessageTest" time="0.545">
    <system-out><![CDATA[createMessageHash: hash=00:0:HelloAfrica
Constructor: messageId=0000000000, messageHash=00:0:HelloAfrica, recipient=+27821234567,sender=+27123456789, message=Hello from South Africa, flag=Sent
checkMessage: message=Hello from South Africa, valid=true
checkRecipientCell: recipient=+27821234567, valid=true
createMessageHash: hash=00:0:HelloAfrica
Constructor: messageId=0000000001, messageHash=00:0:HelloAfrica, recipient=+27821234567,sender=+27123456789, message=Hello from South Africa, flag=Sent
checkMessage: message=Hello from South Africa, valid=true
checkRecipientCell: recipient=+27821234567, valid=true
checkMessage: message=Hello from South Africa, valid=true
checkRecipientCell: recipient=+27821234567, valid=true
checkMessageId: messageId=12345678901, valid=false
]]></system-out>
    <system-err><![CDATA[Cannot store: Invalid message, recipient, sender or message ID 
]]></system-err>
  </testcase>
  <testcase name="testCheckMessage_TooLongMessage" classname="com.mycompany.chatapp.MessageTest" time="0.005">
    <system-out><![CDATA[createMessageHash: hash=00:0:HelloAfrica
Constructor: messageId=0000000000, messageHash=00:0:HelloAfrica, recipient=+27821234567,sender=+27123456789, message=Hello from South Africa, flag=Sent
checkMessage: message=Hello from South Africa, valid=true
checkRecipientCell: recipient=+27821234567, valid=true
createMessageHash: hash=00:0:Thismessage
Constructor: messageId=0000000001, messageHash=00:0:Thismessage, recipient=+27821234567,sender=+27123456789, message=This is a very long messageThis is a very long messageThis is a very long messageThis is a very long messageThis is a very long messageThis is a very long messageThis is a very long messageThis is a very long messageThis is a very long messageThis is a very long message, flag=Sent
checkMessage: message=This is a very long messageThis is a very long messageThis is a very long messageThis is a very long messageThis is a very long messageThis is a very long messageThis is a very long messageThis is a very long messageThis is a very long messageThis is a very long message, valid=false
checkMessage: message=This is a very long messageThis is a very long messageThis is a very long messageThis is a very long messageThis is a very long messageThis is a very long messageThis is a very long messageThis is a very long messageThis is a very long messageThis is a very long message, valid=false
]]></system-out>
  </testcase>
  <testcase name="testSendMessage_InvalidRecipient" classname="com.mycompany.chatapp.MessageTest" time="0.005">
    <system-out><![CDATA[createMessageHash: hash=00:0:HelloAfrica
Constructor: messageId=0000000000, messageHash=00:0:HelloAfrica, recipient=+27821234567,sender=+27123456789, message=Hello from South Africa, flag=Sent
checkMessage: message=Hello from South Africa, valid=true
checkRecipientCell: recipient=+27821234567, valid=true
createMessageHash: hash=00:0:HelloAfrica
Constructor: messageId=0000000001, messageHash=00:0:HelloAfrica, recipient=+12012345678,sender=+27123456789, message=Hello from South Africa, flag=Sent
checkMessage: message=Hello from South Africa, valid=true
checkRecipientCell: recipient=+12012345678, valid=false
sendMessage: messageId=0000000001, recipient=+12012345678, message=Hello from South Africa, flag=Sent, numMessagesSent=0
checkMessage: message=Hello from South Africa, valid=true
checkRecipientCell: recipient=+12012345678, valid=false
]]></system-out>
  </testcase>
  <testcase name="testCheckMessageId_ValidId" classname="com.mycompany.chatapp.MessageTest" time="0.005">
    <system-out><![CDATA[createMessageHash: hash=00:0:HelloAfrica
Constructor: messageId=0000000000, messageHash=00:0:HelloAfrica, recipient=+27821234567,sender=+27123456789, message=Hello from South Africa, flag=Sent
checkMessage: message=Hello from South Africa, valid=true
checkRecipientCell: recipient=+27821234567, valid=true
checkMessageId: messageId=0000000000, valid=true
]]></system-out>
  </testcase>
  <testcase name="testCheckSenderCell_TooShortNumber" classname="com.mycompany.chatapp.MessageTest" time="0.006">
    <system-out><![CDATA[createMessageHash: hash=00:0:HelloAfrica
Constructor: messageId=0000000000, messageHash=00:0:HelloAfrica, recipient=+27821234567,sender=+27123456789, message=Hello from South Africa, flag=Sent
checkMessage: message=Hello from South Africa, valid=true
checkRecipientCell: recipient=+27821234567, valid=true
createMessageHash: hash=00:0:HelloAfrica
Constructor: messageId=0000000001, messageHash=00:0:HelloAfrica, recipient=+27821234567,sender=+27123456, message=Hello from South Africa, flag=Sent
checkMessage: message=Hello from South Africa, valid=true
checkRecipientCell: recipient=+27821234567, valid=true
checkSenderCell: sender=+27123456,valid=false
]]></system-out>
  </testcase>
  <testcase name="testReturnTotalMessages_AfterInvalidMessage" classname="com.mycompany.chatapp.MessageTest" time="0.004">
    <system-out><![CDATA[createMessageHash: hash=00:0:HelloAfrica
Constructor: messageId=0000000000, messageHash=00:0:HelloAfrica, recipient=+27821234567,sender=+27123456789, message=Hello from South Africa, flag=Sent
checkMessage: message=Hello from South Africa, valid=true
checkRecipientCell: recipient=+27821234567, valid=true
createMessageHash: hash=00:0:HelloAfrica
Constructor: messageId=0000000001, messageHash=00:0:HelloAfrica, recipient=+12012345678,sender=+27123456789, message=Hello from South Africa, flag=Sent
checkMessage: message=Hello from South Africa, valid=true
checkRecipientCell: recipient=+12012345678, valid=false
sendMessage: messageId=0000000001, recipient=+12012345678, message=Hello from South Africa, flag=Sent, numMessagesSent=0
checkMessage: message=Hello from South Africa, valid=true
checkRecipientCell: recipient=+12012345678, valid=false
]]></system-out>
  </testcase>
  <testcase name="testCheckRecipientCell_ValidSouthAfricanNumber" classname="com.mycompany.chatapp.MessageTest" time="0.005">
    <system-out><![CDATA[createMessageHash: hash=00:0:HelloAfrica
Constructor: messageId=0000000000, messageHash=00:0:HelloAfrica, recipient=+27821234567,sender=+27123456789, message=Hello from South Africa, flag=Sent
checkMessage: message=Hello from South Africa, valid=true
checkRecipientCell: recipient=+27821234567, valid=true
checkRecipientCell: recipient=+27821234567, valid=true
]]></system-out>
  </testcase>
  <testcase name="testCheckMessage_NullMessage" classname="com.mycompany.chatapp.MessageTest" time="0.008">
    <system-out><![CDATA[createMessageHash: hash=00:0:HelloAfrica
Constructor: messageId=0000000000, messageHash=00:0:HelloAfrica, recipient=+27821234567,sender=+27123456789, message=Hello from South Africa, flag=Sent
checkMessage: message=Hello from South Africa, valid=true
checkRecipientCell: recipient=+27821234567, valid=true
createMessageHash: hash=00:0:
Constructor: messageId=0000000001, messageHash=00:0:, recipient=+27821234567,sender=+27123456789, message=null, flag=Sent
checkMessage: message=null, valid=false
checkMessage: message=null, valid=false
]]></system-out>
  </testcase>
  <testcase name="testSendMessage_ValidInput" classname="com.mycompany.chatapp.MessageTest" time="0.005">
    <system-out><![CDATA[createMessageHash: hash=00:0:HelloAfrica
Constructor: messageId=0000000000, messageHash=00:0:HelloAfrica, recipient=+27821234567,sender=+27123456789, message=Hello from South Africa, flag=Sent
checkMessage: message=Hello from South Africa, valid=true
checkRecipientCell: recipient=+27821234567, valid=true
sendMessage: messageId=0000000000, recipient=+27821234567, message=Hello from South Africa, flag=Sent, numMessagesSent=0
checkMessage: message=Hello from South Africa, valid=true
checkRecipientCell: recipient=+27821234567, valid=true
checkMessageId: messageId=0000000000, valid=true
checkSenderCell: sender=+27123456789,valid=true
createMessageHash: hash=00:1:HelloAfrica
]]></system-out>
  </testcase>
  <testcase name="testPrintMessages" classname="com.mycompany.chatapp.MessageTest" time="0.002">
    <system-out><![CDATA[createMessageHash: hash=00:0:HelloAfrica
Constructor: messageId=0000000000, messageHash=00:0:HelloAfrica, recipient=+27821234567,sender=+27123456789, message=Hello from South Africa, flag=Sent
checkMessage: message=Hello from South Africa, valid=true
checkRecipientCell: recipient=+27821234567, valid=true
]]></system-out>
  </testcase>
  <testcase name="testCreateMessageHash_ValidMessage" classname="com.mycompany.chatapp.MessageTest" time="0.0">
    <system-out><![CDATA[createMessageHash: hash=00:0:HelloAfrica
Constructor: messageId=0000000000, messageHash=00:0:HelloAfrica, recipient=+27821234567,sender=+27123456789, message=Hello from South Africa, flag=Sent
checkMessage: message=Hello from South Africa, valid=true
checkRecipientCell: recipient=+27821234567, valid=true
createMessageHash: hash=00:0:HelloAfrica
]]></system-out>
  </testcase>
  <testcase name="testSendMessage_InvalidSender" classname="com.mycompany.chatapp.MessageTest" time="0.015">
    <system-out><![CDATA[createMessageHash: hash=00:0:HelloAfrica
Constructor: messageId=0000000000, messageHash=00:0:HelloAfrica, recipient=+27821234567,sender=+27123456789, message=Hello from South Africa, flag=Sent
checkMessage: message=Hello from South Africa, valid=true
checkRecipientCell: recipient=+27821234567, valid=true
createMessageHash: hash=00:0:HelloAfrica
Constructor: messageId=0000000001, messageHash=00:0:HelloAfrica, recipient=+27821234567,sender=+12012345678, message=Hello from South Africa, flag=Sent
checkMessage: message=Hello from South Africa, valid=true
checkRecipientCell: recipient=+27821234567, valid=true
sendMessage: messageId=0000000001, recipient=+27821234567, message=Hello from South Africa, flag=Sent, numMessagesSent=0
checkMessage: message=Hello from South Africa, valid=true
checkRecipientCell: recipient=+27821234567, valid=true
checkMessageId: messageId=0000000001, valid=true
checkSenderCell: sender=+12012345678,valid=false
]]></system-out>
  </testcase>
  <testcase name="testDeleteMessage_SuccessfulDeletion" classname="com.mycompany.chatapp.MessageTest" time="1.31">
    <system-out><![CDATA[createMessageHash: hash=00:0:HelloAfrica
Constructor: messageId=0000000000, messageHash=00:0:HelloAfrica, recipient=+27821234567,sender=+27123456789, message=Hello from South Africa, flag=Sent
checkMessage: message=Hello from South Africa, valid=true
checkRecipientCell: recipient=+27821234567, valid=true
checkMessage: message=Hello from South Africa, valid=true
checkRecipientCell: recipient=+27821234567, valid=true
checkMessageId: messageId=0000000000, valid=true
checkSenderCell: sender=+27123456789,valid=true
Constructor: messageId=0000000000, messageHash=00:0:HelloAfrica, recipient=+27821234567,sender=+27123456789, message=Hello from South Africa, flag=Sent
checkMessage: message=Hello from South Africa, valid=true
checkRecipientCell: recipient=+27821234567, valid=true
Constructor: messageId=0000000000, messageHash=00:0:HelloAfrica, recipient=+27821234567,sender=+27123456789, message=Hello from South Africa, flag=Sent
checkMessage: message=Hello from South Africa, valid=true
checkRecipientCell: recipient=+27821234567, valid=true
]]></system-out>
  </testcase>
</testsuite>