<?xml version="1.0" encoding="UTF-8"?>
<testsuite xmlns:xsi="http://www.w3.org/2001/XMLSchema-instance" xsi:noNamespaceSchemaLocation="https://maven.apache.org/surefire/maven-surefire-plugin/xsd/surefire-test-report-3.0.xsd" version="3.0" name="com.mycompany.chatapp.MessageLastPartTest" time="0.36" tests="10" errors="0" skipped="0" failures="0">
  <properties>
[...]
</properties>
  <testcase name="testDeleteByHash_NonExistentHash" classname="com.mycompany.chatapp.MessageLastPartTest" time="0.042">
    <system-out><![CDATA[createMessageHash: hash=00:0:Didcake?
Constructor: messageId=0000000000, messageHash=00:0:Didcake?, recipient=+27834557896,sender=+27123456789, message=Did you get the cake?, flag=Sent
checkMessage: message=Did you get the cake?, valid=true
checkRecipientCell: recipient=+27834557896, valid=true
createMessageHash: hash=00:0:Ittime!
Constructor: messageId=0000000001, messageHash=00:0:Ittime!, recipient=+27838884567,sender=+27123456789, message=It is dinner time!, flag=Sent
checkMessage: message=It is dinner time!, valid=true
checkRecipientCell: recipient=+27838884567, valid=true
msg1 messageId: 0000000000
msg2 messageId: 0000000001
createMessageHash: hash=00:0:Didcake?
Constructor: messageId=0000000002, messageHash=00:0:Didcake?, recipient=+27834557896,sender=+27123456789, message=Did you get the cake?, flag=Sent
checkMessage: message=Did you get the cake?, valid=true
checkRecipientCell: recipient=+27834557896, valid=true
createMessageHash: hash=00:0:Wheretime.
Constructor: messageId=0000000003, messageHash=00:0:Wheretime., recipient=+27838884567,sender=+27123456789, message=Where are you? You are late! I have asked you to be on time., flag=Stored
checkMessage: message=Where are you? You are late! I have asked you to be on time., valid=true
checkRecipientCell: recipient=+27838884567, valid=true
createMessageHash: hash=00:0:Yohooo,gate.
Constructor: messageId=0000000004, messageHash=00:0:Yohooo,gate., recipient=+27834484567,sender=+27123456789, message=Yohooo, I am at your gate., flag=Disregard
checkMessage: message=Yohooo, I am at your gate., valid=true
checkRecipientCell: recipient=+27834484567, valid=true
createMessageHash: hash=00:0:Ittime!
Constructor: messageId=0000000005, messageHash=00:0:Ittime!, recipient=+27838884567,sender=+27123456789, message=It is dinner time!, flag=Sent
checkMessage: message=It is dinner time!, valid=true
checkRecipientCell: recipient=+27838884567, valid=true
createMessageHash: hash=00:0:Ok,you.
Constructor: messageId=0000000006, messageHash=00:0:Ok,you., recipient=+27838884567,sender=+27123456789, message=Ok, I am leaving without you., flag=Stored
checkMessage: message=Ok, I am leaving without you., valid=true
checkRecipientCell: recipient=+27838884567, valid=true
]]></system-out>
  </testcase>
  <testcase name="testSearchByMessageId" classname="com.mycompany.chatapp.MessageLastPartTest" time="0.005">
    <system-out><![CDATA[createMessageHash: hash=00:0:Didcake?
Constructor: messageId=0000000000, messageHash=00:0:Didcake?, recipient=+27834557896,sender=+27123456789, message=Did you get the cake?, flag=Sent
checkMessage: message=Did you get the cake?, valid=true
checkRecipientCell: recipient=+27834557896, valid=true
createMessageHash: hash=00:0:Ittime!
Constructor: messageId=0000000001, messageHash=00:0:Ittime!, recipient=+27838884567,sender=+27123456789, message=It is dinner time!, flag=Sent
checkMessage: message=It is dinner time!, valid=true
checkRecipientCell: recipient=+27838884567, valid=true
msg1 messageId: 0000000000
msg2 messageId: 0000000001
createMessageHash: hash=00:0:Didcake?
Constructor: messageId=0000000002, messageHash=00:0:Didcake?, recipient=+27834557896,sender=+27123456789, message=Did you get the cake?, flag=Sent
checkMessage: message=Did you get the cake?, valid=true
checkRecipientCell: recipient=+27834557896, valid=true
createMessageHash: hash=00:0:Wheretime.
Constructor: messageId=0000000003, messageHash=00:0:Wheretime., recipient=+27838884567,sender=+27123456789, message=Where are you? You are late! I have asked you to be on time., flag=Stored
checkMessage: message=Where are you? You are late! I have asked you to be on time., valid=true
checkRecipientCell: recipient=+27838884567, valid=true
createMessageHash: hash=00:0:Yohooo,gate.
Constructor: messageId=0000000004, messageHash=00:0:Yohooo,gate., recipient=+27834484567,sender=+27123456789, message=Yohooo, I am at your gate., flag=Disregard
checkMessage: message=Yohooo, I am at your gate., valid=true
checkRecipientCell: recipient=+27834484567, valid=true
createMessageHash: hash=00:0:Ittime!
Constructor: messageId=0000000005, messageHash=00:0:Ittime!, recipient=+27838884567,sender=+27123456789, message=It is dinner time!, flag=Sent
checkMessage: message=It is dinner time!, valid=true
checkRecipientCell: recipient=+27838884567, valid=true
createMessageHash: hash=00:0:Ok,you.
Constructor: messageId=0000000006, messageHash=00:0:Ok,you., recipient=+27838884567,sender=+27123456789, message=Ok, I am leaving without you., flag=Stored
checkMessage: message=Ok, I am leaving without you., valid=true
checkRecipientCell: recipient=+27838884567, valid=true
Searching for messageId: 0000000001
Checking sentMessages: messageId=0000000000, recipient=+27834557896, message=Did you get the cake?
Checking sentMessages: messageId=0000000001, recipient=+27838884567, message=It is dinner time!
Match found in sentMessages: +27838884567, It is dinner time!
]]></system-out>
  </testcase>
  <testcase name="testSentMessagesArray" classname="com.mycompany.chatapp.MessageLastPartTest" time="0.007">
    <system-out><![CDATA[createMessageHash: hash=00:0:Didcake?
Constructor: messageId=0000000000, messageHash=00:0:Didcake?, recipient=+27834557896,sender=+27123456789, message=Did you get the cake?, flag=Sent
checkMessage: message=Did you get the cake?, valid=true
checkRecipientCell: recipient=+27834557896, valid=true
createMessageHash: hash=00:0:Ittime!
Constructor: messageId=0000000001, messageHash=00:0:Ittime!, recipient=+27838884567,sender=+27123456789, message=It is dinner time!, flag=Sent
checkMessage: message=It is dinner time!, valid=true
checkRecipientCell: recipient=+27838884567, valid=true
msg1 messageId: 0000000000
msg2 messageId: 0000000001
createMessageHash: hash=00:0:Didcake?
Constructor: messageId=0000000002, messageHash=00:0:Didcake?, recipient=+27834557896,sender=+27123456789, message=Did you get the cake?, flag=Sent
checkMessage: message=Did you get the cake?, valid=true
checkRecipientCell: recipient=+27834557896, valid=true
createMessageHash: hash=00:0:Wheretime.
Constructor: messageId=0000000003, messageHash=00:0:Wheretime., recipient=+27838884567,sender=+27123456789, message=Where are you? You are late! I have asked you to be on time., flag=Stored
checkMessage: message=Where are you? You are late! I have asked you to be on time., valid=true
checkRecipientCell: recipient=+27838884567, valid=true
createMessageHash: hash=00:0:Yohooo,gate.
Constructor: messageId=0000000004, messageHash=00:0:Yohooo,gate., recipient=+27834484567,sender=+27123456789, message=Yohooo, I am at your gate., flag=Disregard
checkMessage: message=Yohooo, I am at your gate., valid=true
checkRecipientCell: recipient=+27834484567, valid=true
createMessageHash: hash=00:0:Ittime!
Constructor: messageId=0000000005, messageHash=00:0:Ittime!, recipient=+27838884567,sender=+27123456789, message=It is dinner time!, flag=Sent
checkMessage: message=It is dinner time!, valid=true
checkRecipientCell: recipient=+27838884567, valid=true
createMessageHash: hash=00:0:Ok,you.
Constructor: messageId=0000000006, messageHash=00:0:Ok,you., recipient=+27838884567,sender=+27123456789, message=Ok, I am leaving without you., flag=Stored
checkMessage: message=Ok, I am leaving without you., valid=true
checkRecipientCell: recipient=+27838884567, valid=true
]]></system-out>
  </testcase>
  <testcase name="testSearchByMessageIdFirstSent" classname="com.mycompany.chatapp.MessageLastPartTest" time="0.003">
    <system-out><![CDATA[createMessageHash: hash=00:0:Didcake?
Constructor: messageId=0000000000, messageHash=00:0:Didcake?, recipient=+27834557896,sender=+27123456789, message=Did you get the cake?, flag=Sent
checkMessage: message=Did you get the cake?, valid=true
checkRecipientCell: recipient=+27834557896, valid=true
createMessageHash: hash=00:0:Ittime!
Constructor: messageId=0000000001, messageHash=00:0:Ittime!, recipient=+27838884567,sender=+27123456789, message=It is dinner time!, flag=Sent
checkMessage: message=It is dinner time!, valid=true
checkRecipientCell: recipient=+27838884567, valid=true
msg1 messageId: 0000000000
msg2 messageId: 0000000001
createMessageHash: hash=00:0:Didcake?
Constructor: messageId=0000000002, messageHash=00:0:Didcake?, recipient=+27834557896,sender=+27123456789, message=Did you get the cake?, flag=Sent
checkMessage: message=Did you get the cake?, valid=true
checkRecipientCell: recipient=+27834557896, valid=true
createMessageHash: hash=00:0:Wheretime.
Constructor: messageId=0000000003, messageHash=00:0:Wheretime., recipient=+27838884567,sender=+27123456789, message=Where are you? You are late! I have asked you to be on time., flag=Stored
checkMessage: message=Where are you? You are late! I have asked you to be on time., valid=true
checkRecipientCell: recipient=+27838884567, valid=true
createMessageHash: hash=00:0:Yohooo,gate.
Constructor: messageId=0000000004, messageHash=00:0:Yohooo,gate., recipient=+27834484567,sender=+27123456789, message=Yohooo, I am at your gate., flag=Disregard
checkMessage: message=Yohooo, I am at your gate., valid=true
checkRecipientCell: recipient=+27834484567, valid=true
createMessageHash: hash=00:0:Ittime!
Constructor: messageId=0000000005, messageHash=00:0:Ittime!, recipient=+27838884567,sender=+27123456789, message=It is dinner time!, flag=Sent
checkMessage: message=It is dinner time!, valid=true
checkRecipientCell: recipient=+27838884567, valid=true
createMessageHash: hash=00:0:Ok,you.
Constructor: messageId=0000000006, messageHash=00:0:Ok,you., recipient=+27838884567,sender=+27123456789, message=Ok, I am leaving without you., flag=Stored
checkMessage: message=Ok, I am leaving without you., valid=true
checkRecipientCell: recipient=+27838884567, valid=true
Searching for messageId: 0000000000
Checking sentMessages: messageId=0000000000, recipient=+27834557896, message=Did you get the cake?
Match found in sentMessages: +27834557896, Did you get the cake?
]]></system-out>
  </testcase>
  <testcase name="testDeleteByHash" classname="com.mycompany.chatapp.MessageLastPartTest" time="0.006">
    <system-out><![CDATA[createMessageHash: hash=00:0:Didcake?
Constructor: messageId=0000000000, messageHash=00:0:Didcake?, recipient=+27834557896,sender=+27123456789, message=Did you get the cake?, flag=Sent
checkMessage: message=Did you get the cake?, valid=true
checkRecipientCell: recipient=+27834557896, valid=true
createMessageHash: hash=00:0:Ittime!
Constructor: messageId=0000000001, messageHash=00:0:Ittime!, recipient=+27838884567,sender=+27123456789, message=It is dinner time!, flag=Sent
checkMessage: message=It is dinner time!, valid=true
checkRecipientCell: recipient=+27838884567, valid=true
msg1 messageId: 0000000000
msg2 messageId: 0000000001
createMessageHash: hash=00:0:Didcake?
Constructor: messageId=0000000002, messageHash=00:0:Didcake?, recipient=+27834557896,sender=+27123456789, message=Did you get the cake?, flag=Sent
checkMessage: message=Did you get the cake?, valid=true
checkRecipientCell: recipient=+27834557896, valid=true
createMessageHash: hash=00:0:Wheretime.
Constructor: messageId=0000000003, messageHash=00:0:Wheretime., recipient=+27838884567,sender=+27123456789, message=Where are you? You are late! I have asked you to be on time., flag=Stored
checkMessage: message=Where are you? You are late! I have asked you to be on time., valid=true
checkRecipientCell: recipient=+27838884567, valid=true
createMessageHash: hash=00:0:Yohooo,gate.
Constructor: messageId=0000000004, messageHash=00:0:Yohooo,gate., recipient=+27834484567,sender=+27123456789, message=Yohooo, I am at your gate., flag=Disregard
checkMessage: message=Yohooo, I am at your gate., valid=true
checkRecipientCell: recipient=+27834484567, valid=true
createMessageHash: hash=00:0:Ittime!
Constructor: messageId=0000000005, messageHash=00:0:Ittime!, recipient=+27838884567,sender=+27123456789, message=It is dinner time!, flag=Sent
checkMessage: message=It is dinner time!, valid=true
checkRecipientCell: recipient=+27838884567, valid=true
createMessageHash: hash=00:0:Ok,you.
Constructor: messageId=0000000006, messageHash=00:0:Ok,you., recipient=+27838884567,sender=+27123456789, message=Ok, I am leaving without you., flag=Stored
checkMessage: message=Ok, I am leaving without you., valid=true
checkRecipientCell: recipient=+27838884567, valid=true
]]></system-out>
  </testcase>
  <testcase name="testLoadMessagesFromJson" classname="com.mycompany.chatapp.MessageLastPartTest" time="0.247">
    <system-out><![CDATA[createMessageHash: hash=00:0:Didcake?
Constructor: messageId=0000000000, messageHash=00:0:Didcake?, recipient=+27834557896,sender=+27123456789, message=Did you get the cake?, flag=Sent
checkMessage: message=Did you get the cake?, valid=true
checkRecipientCell: recipient=+27834557896, valid=true
createMessageHash: hash=00:0:Ittime!
Constructor: messageId=0000000001, messageHash=00:0:Ittime!, recipient=+27838884567,sender=+27123456789, message=It is dinner time!, flag=Sent
checkMessage: message=It is dinner time!, valid=true
checkRecipientCell: recipient=+27838884567, valid=true
msg1 messageId: 0000000000
msg2 messageId: 0000000001
createMessageHash: hash=00:0:Didcake?
Constructor: messageId=0000000002, messageHash=00:0:Didcake?, recipient=+27834557896,sender=+27123456789, message=Did you get the cake?, flag=Sent
checkMessage: message=Did you get the cake?, valid=true
checkRecipientCell: recipient=+27834557896, valid=true
createMessageHash: hash=00:0:Wheretime.
Constructor: messageId=0000000003, messageHash=00:0:Wheretime., recipient=+27838884567,sender=+27123456789, message=Where are you? You are late! I have asked you to be on time., flag=Stored
checkMessage: message=Where are you? You are late! I have asked you to be on time., valid=true
checkRecipientCell: recipient=+27838884567, valid=true
createMessageHash: hash=00:0:Yohooo,gate.
Constructor: messageId=0000000004, messageHash=00:0:Yohooo,gate., recipient=+27834484567,sender=+27123456789, message=Yohooo, I am at your gate., flag=Disregard
checkMessage: message=Yohooo, I am at your gate., valid=true
checkRecipientCell: recipient=+27834484567, valid=true
createMessageHash: hash=00:0:Ittime!
Constructor: messageId=0000000005, messageHash=00:0:Ittime!, recipient=+27838884567,sender=+27123456789, message=It is dinner time!, flag=Sent
checkMessage: message=It is dinner time!, valid=true
checkRecipientCell: recipient=+27838884567, valid=true
createMessageHash: hash=00:0:Ok,you.
Constructor: messageId=0000000006, messageHash=00:0:Ok,you., recipient=+27838884567,sender=+27123456789, message=Ok, I am leaving without you., flag=Stored
checkMessage: message=Ok, I am leaving without you., valid=true
checkRecipientCell: recipient=+27838884567, valid=true
createMessageHash: hash=00:0:Test1
Constructor: messageId=0000000007, messageHash=00:0:Test1, recipient=+27834557896,sender=+27123456789, message=Test message 1, flag=Sent
checkMessage: message=Test message 1, valid=true
checkRecipientCell: recipient=+27834557896, valid=true
createMessageHash: hash=00:0:Test2
Constructor: messageId=0000000008, messageHash=00:0:Test2, recipient=+27838884567,sender=+27123456789, message=Test message 2, flag=Stored
checkMessage: message=Test message 2, valid=true
checkRecipientCell: recipient=+27838884567, valid=true
]]></system-out>
  </testcase>
  <testcase name="testDisplaySentMessages" classname="com.mycompany.chatapp.MessageLastPartTest" time="0.004">
    <system-out><![CDATA[createMessageHash: hash=00:0:Didcake?
Constructor: messageId=0000000000, messageHash=00:0:Didcake?, recipient=+27834557896,sender=+27123456789, message=Did you get the cake?, flag=Sent
checkMessage: message=Did you get the cake?, valid=true
checkRecipientCell: recipient=+27834557896, valid=true
createMessageHash: hash=00:0:Ittime!
Constructor: messageId=0000000001, messageHash=00:0:Ittime!, recipient=+27838884567,sender=+27123456789, message=It is dinner time!, flag=Sent
checkMessage: message=It is dinner time!, valid=true
checkRecipientCell: recipient=+27838884567, valid=true
msg1 messageId: 0000000000
msg2 messageId: 0000000001
createMessageHash: hash=00:0:Didcake?
Constructor: messageId=0000000002, messageHash=00:0:Didcake?, recipient=+27834557896,sender=+27123456789, message=Did you get the cake?, flag=Sent
checkMessage: message=Did you get the cake?, valid=true
checkRecipientCell: recipient=+27834557896, valid=true
createMessageHash: hash=00:0:Wheretime.
Constructor: messageId=0000000003, messageHash=00:0:Wheretime., recipient=+27838884567,sender=+27123456789, message=Where are you? You are late! I have asked you to be on time., flag=Stored
checkMessage: message=Where are you? You are late! I have asked you to be on time., valid=true
checkRecipientCell: recipient=+27838884567, valid=true
createMessageHash: hash=00:0:Yohooo,gate.
Constructor: messageId=0000000004, messageHash=00:0:Yohooo,gate., recipient=+27834484567,sender=+27123456789, message=Yohooo, I am at your gate., flag=Disregard
checkMessage: message=Yohooo, I am at your gate., valid=true
checkRecipientCell: recipient=+27834484567, valid=true
createMessageHash: hash=00:0:Ittime!
Constructor: messageId=0000000005, messageHash=00:0:Ittime!, recipient=+27838884567,sender=+27123456789, message=It is dinner time!, flag=Sent
checkMessage: message=It is dinner time!, valid=true
checkRecipientCell: recipient=+27838884567, valid=true
createMessageHash: hash=00:0:Ok,you.
Constructor: messageId=0000000006, messageHash=00:0:Ok,you., recipient=+27838884567,sender=+27123456789, message=Ok, I am leaving without you., flag=Stored
checkMessage: message=Ok, I am leaving without you., valid=true
checkRecipientCell: recipient=+27838884567, valid=true
]]></system-out>
  </testcase>
  <testcase name="testDisplayReport" classname="com.mycompany.chatapp.MessageLastPartTest" time="0.002"/>
  <testcase name="testSearchByRecipient" classname="com.mycompany.chatapp.MessageLastPartTest" time="0.003"/>
  <testcase name="testLongestMessage" classname="com.mycompany.chatapp.MessageLastPartTest" time="0.002"/>
</testsuite>